<?xml version="1.0" encoding="UTF-8"?>
<!-- Generated by org.testng.reporters.JUnitReportReporter -->
<testsuite hostname="Mike-PC" failures="0" tests="1" name="FirstTest" time="8.382" errors="0" timestamp="2020-06-01T12:38:16 EEST" skipped="0">
  <testcase classname="FirstTest" name="test2" time="8.382"/>
</testsuite> <!-- FirstTest -->
